\BOOKMARK [0][-]{chapter.1}{Introduction}{}% 1
\BOOKMARK [1][-]{section.1.1}{Motivation}{chapter.1}% 2
\BOOKMARK [1][-]{section.1.2}{Thesis aims and outline}{chapter.1}% 3
\BOOKMARK [0][-]{chapter.2}{Background}{}% 4
\BOOKMARK [1][-]{section.2.1}{The tropical circulation and the global monsoon}{chapter.2}% 5
\BOOKMARK [1][-]{section.2.2}{The American Monsoon System}{chapter.2}% 6
\BOOKMARK [1][-]{section.2.3}{A review on the proposed mechanisms for the Midsummer drought}{chapter.2}% 7
\BOOKMARK [1][-]{section.2.4}{El Niño Southern Oscillation: impacts to the American monsoon system}{chapter.2}% 8
\BOOKMARK [1][-]{section.2.5}{Stratosphere-Troposphere Coupling in the Tropics}{chapter.2}% 9
\BOOKMARK [2][-]{subsection.2.5.1}{The Quasi-biennial oscillation \(QBO\)}{section.2.5}% 10
\BOOKMARK [2][-]{subsection.2.5.2}{Tropical teleconnections of the QBO}{section.2.5}% 11
\BOOKMARK [0][-]{chapter.3}{Data and methods}{}% 12
\BOOKMARK [1][-]{section.3.1}{Observations and reanalysis data}{chapter.3}% 13
\BOOKMARK [2][-]{subsection.3.1.1}{Gridded precipitation datasets}{section.3.1}% 14
\BOOKMARK [2][-]{subsection.3.1.2}{ERA-5}{section.3.1}% 15
\BOOKMARK [1][-]{section.3.2}{The Unified Met Office Hadley Centre Model}{chapter.3}% 16
\BOOKMARK [2][-]{subsection.3.2.1}{The Global Coupled Configurations of HadGEM3}{section.3.2}% 17
\BOOKMARK [2][-]{subsection.3.2.2}{The CMIP6 experiments}{section.3.2}% 18
\BOOKMARK [1][-]{section.3.3}{The Moist Static Energy Budget}{chapter.3}% 19
\BOOKMARK [0][-]{chapter.4}{The American monsoon system in UKESM1 and HadGEM3}{}% 20
\BOOKMARK [1][-]{section.4.1}{Introduction}{chapter.4}% 21
\BOOKMARK [1][-]{section.4.2}{Climatological temperature and low-level wind biases}{chapter.4}% 22
\BOOKMARK [1][-]{section.4.3}{The Atlantic and Pacific ITCZs and the SACZ}{chapter.4}% 23
\BOOKMARK [1][-]{section.4.4}{Precipitation and convection in the AMS}{chapter.4}% 24
\BOOKMARK [2][-]{subsection.4.4.1}{Mean seasonal precipitation}{section.4.4}% 25
\BOOKMARK [2][-]{subsection.4.4.2}{The annual cycle of rainfall}{section.4.4}% 26
\BOOKMARK [2][-]{subsection.4.4.3}{Characteristics of convective activity}{section.4.4}% 27
\BOOKMARK [1][-]{section.4.5}{ENSO Teleconnections}{chapter.4}% 28
\BOOKMARK [2][-]{subsection.4.5.1}{Canonical teleconnections}{section.4.5}% 29
\BOOKMARK [2][-]{subsection.4.5.2}{The role of ENSO flavours}{section.4.5}% 30
\BOOKMARK [2][-]{subsection.4.5.3}{A possible influence of the QBO on tropical ENSO teleconnections}{section.4.5}% 31
\BOOKMARK [1][-]{section.4.6}{Summary and discussion}{chapter.4}% 32
\BOOKMARK [0][-]{chapter.5}{On the physical mechanisms of the MSD of southern Mexico and Central America in the Met Office Unified Model}{}% 33
\BOOKMARK [1][-]{section.5.1}{Introduction}{chapter.5}% 34
\BOOKMARK [1][-]{section.5.2}{Data and methods}{chapter.5}% 35
\BOOKMARK [2][-]{subsection.5.2.1}{CMIP6 data}{section.5.2}% 36
\BOOKMARK [2][-]{subsection.5.2.2}{Determination of the timings of the MSD}{section.5.2}% 37
\BOOKMARK [1][-]{section.5.3}{Climatological features}{chapter.5}% 38
\BOOKMARK [1][-]{section.5.4}{On the role of the East Pacific SSTs}{chapter.5}% 39
\BOOKMARK [1][-]{section.5.5}{On the role of the cloud-radiative feedbacks}{chapter.5}% 40
\BOOKMARK [2][-]{subsection.5.5.1}{On the role of the Caribbean Low-Level Jet}{section.5.5}% 41
\BOOKMARK [2][-]{subsection.5.5.2}{A look at the MSD through the lense of the moist static energy budget}{section.5.5}% 42
\BOOKMARK [1][-]{section.5.6}{Summary and discussion}{chapter.5}% 43
\BOOKMARK [0][-]{figure.5.10}{Bibliography}{}% 44
