\BOOKMARK [0][-]{chapter*.6}{List of Figures}{}% 1
\BOOKMARK [0][-]{chapter*.7}{List of Abbreviations}{}% 2
\BOOKMARK [0][-]{chapter.1}{Introduction}{}% 3
\BOOKMARK [1][-]{section.1.1}{Motivation}{chapter.1}% 4
\BOOKMARK [1][-]{section.1.2}{Contribution}{chapter.1}% 5
\BOOKMARK [0][-]{chapter.2}{Background}{}% 6
\BOOKMARK [1][-]{section.2.1}{The tropical circulation and the global monsoon}{chapter.2}% 7
\BOOKMARK [1][-]{section.2.2}{The American Monsoon System}{chapter.2}% 8
\BOOKMARK [1][-]{section.2.3}{El Ni\361o Southern Oscillation: impacts to the American monsoon system}{chapter.2}% 9
\BOOKMARK [1][-]{section.2.4}{Stratosphere-Troposphere Coupling in the Tropics}{chapter.2}% 10
\BOOKMARK [0][-]{chapter.3}{On the dynamical and thermodynamical mechanisms of the MSD in the Met Office CMIP6 models}{}% 11
\BOOKMARK [1][-]{section.3.1}{Climatological features}{chapter.3}% 12
\BOOKMARK [1][-]{section.3.2}{Theoretical understanding of the MSD}{chapter.3}% 13
\BOOKMARK [2][-]{subsection.3.2.1}{ On the mechanisms of the MSD in the UK Met Office models}{section.3.2}% 14
\BOOKMARK [2][-]{subsection.3.2.2}{Summary and discussion}{section.3.2}% 15
\BOOKMARK [0][-]{appendix.A}{Review of Cardiac Physiology and Electrophysiology}{}% 16
\BOOKMARK [1][-]{section.A.1}{Anatomy}{appendix.A}% 17
\BOOKMARK [1][-]{section.A.2}{Mechanical Cycle}{appendix.A}% 18
\BOOKMARK [1][-]{section.A.3}{Electrical Cycle}{appendix.A}% 19
\BOOKMARK [1][-]{section.A.4}{Cellular Electromechanical Coupling}{appendix.A}% 20
\BOOKMARK [0][-]{appendix*.19}{Bibliography}{}% 21
